  main.cpp
C:\Users\Kpurek\Desktop\OpenGL\B_project\B_project\Vector3.h(45,1): warning C4244: “*=”: 从“T”转换到“T”，可能丢失数据
          with
          [
              T=double
          ]
          and
          [
              T=float
          ]
C:\Users\Kpurek\Desktop\OpenGL\B_project\B_project\main.cpp(48): message : 查看对正在编译的函数 模板 实例化“void Vector3<float>::operator *=<double>(T)”的引用
          with
          [
              T=double
          ]
C:\Users\Kpurek\Desktop\OpenGL\B_project\B_project\main.cpp(48): message : 查看对正在编译的函数 模板 实例化“void Vector3<float>::operator *=<double>(T)”的引用
          with
          [
              T=double
          ]
C:\Users\Kpurek\Desktop\OpenGL\B_project\B_project\Vector3.h(45,1): warning C4244: “*=”: 从“T”转换到“T”，可能丢失数据
          with
          [
              T=double
          ]
          and
          [
              T=float
          ]
C:\Users\Kpurek\Desktop\OpenGL\B_project\B_project\Vector3.h(45,1): warning C4244: “*=”: 从“T”转换到“T”，可能丢失数据
          with
          [
              T=double
          ]
          and
          [
              T=float
          ]
  B_project.vcxproj -> C:\Users\Kpurek\Desktop\OpenGL\B_project\Debug\B_project.exe
